<?xml version="1.0" encoding="UTF-8"?>
<!-- Generated by org.testng.reporters.JUnitReportReporter -->
<testsuite hostname="Avijeet-Desktop" failures="0" tests="1" name="com.bridgelabz.FindElementSelenium.SearchSelenium" time="14.357" errors="0" timestamp="2022-07-14T12:15:52 IST" skipped="0">
  <testcase classname="com.bridgelabz.FindElementSelenium.SearchSelenium" name="autoSuggestion" time="14.357"/>
  <system-out/>
</testsuite> <!-- com.bridgelabz.FindElementSelenium.SearchSelenium -->
