<?xml version="1.0" encoding="UTF-8"?>
<!-- Generated by org.testng.reporters.JUnitReportReporter -->
<testsuite hostname="Avijeet-Desktop" failures="0" tests="1" name="com.bridgelabz.FindElementSelenium.SelectList" time="20.368" errors="0" timestamp="2022-07-13T11:59:15 IST" skipped="0">
  <testcase classname="com.bridgelabz.FindElementSelenium.SelectList" name="fbsignup_SelectType" time="20.368"/>
  <system-out/>
</testsuite> <!-- com.bridgelabz.FindElementSelenium.SelectList -->
