<?xml version="1.0" encoding="UTF-8"?>
<!-- Generated by org.testng.reporters.JUnitReportReporter -->
<testsuite hostname="Avijeet-Desktop" failures="0" tests="4" name="com.brodgelabz.DataProvider.DataProviderDemo" time="15.201" errors="0" timestamp="2022-07-15T16:21:32 IST" skipped="0">
  <testcase classname="com.brodgelabz.DataProvider.DataProviderDemo" name="lauchBrowser" time="7.290"/>
  <system-out/>
  <testcase classname="com.brodgelabz.DataProvider.DataProviderDemo" name="firstName_lastName" time="3.396"/>
  <system-out/>
  <testcase classname="com.brodgelabz.DataProvider.DataProviderDemo" name="firstName_lastName" time="2.233"/>
  <system-out/>
  <testcase classname="com.brodgelabz.DataProvider.DataProviderDemo" name="firstName_lastName" time="2.282"/>
  <system-out/>
</testsuite> <!-- com.brodgelabz.DataProvider.DataProviderDemo -->
