<?xml version="1.0" encoding="UTF-8"?>
<!-- Generated by org.testng.reporters.JUnitReportReporter -->
<testsuite hostname="Avijeet-Desktop" failures="0" tests="3" name="com.bridgelabz.testngProgram.TestngPriority" time="0.009" errors="0" timestamp="2022-07-14T11:09:48 IST" skipped="0">
  <testcase classname="com.bridgelabz.testngProgram.TestngPriority" name="testCase3" time="0.007"/>
  <system-out/>
  <testcase classname="com.bridgelabz.testngProgram.TestngPriority" name="testCase1" time="0.001"/>
  <system-out/>
  <testcase classname="com.bridgelabz.testngProgram.TestngPriority" name="testCase2" time="0.001"/>
  <system-out/>
</testsuite> <!-- com.bridgelabz.testngProgram.TestngPriority -->
