<?xml version="1.0" encoding="UTF-8"?>
<!-- Generated by org.testng.reporters.JUnitReportReporter -->
<testsuite hostname="Avijeet-Desktop" failures="0" tests="1" name="com.bridgelabz.SortedOrderListBox.SortedOrderListBox" time="10.944" errors="0" timestamp="2022-07-13T12:48:22 IST" skipped="0">
  <testcase classname="com.bridgelabz.SortedOrderListBox.SortedOrderListBox" name="sortedOrder" time="10.944"/>
  <system-out/>
</testsuite> <!-- com.bridgelabz.SortedOrderListBox.SortedOrderListBox -->
