<?xml version="1.0" encoding="UTF-8"?>
<!-- Generated by org.testng.reporters.JUnitReportReporter -->
<testsuite hostname="Avijeet-Desktop" failures="0" tests="1" name="com.bridgelabz.FindElementSelenium.WebTable" time="11.521" errors="0" timestamp="2022-07-13T11:48:45 IST" skipped="0">
  <testcase classname="com.bridgelabz.FindElementSelenium.WebTable" name="htmlTable" time="11.521"/>
  <system-out/>
</testsuite> <!-- com.bridgelabz.FindElementSelenium.WebTable -->
