<?xml version="1.0" encoding="UTF-8"?>
<!-- Generated by org.testng.reporters.JUnitReportReporter -->
<testsuite hostname="Avijeet-Desktop" failures="0" tests="2" name="com.bridgelabz.testngProgram.AnnotationTestng" time="0.006" errors="0" timestamp="2022-07-14T12:18:48 IST" skipped="0">
  <testcase classname="com.bridgelabz.testngProgram.AnnotationTestng" name="testCase1" time="0.004"/>
  <system-out/>
  <testcase classname="com.bridgelabz.testngProgram.AnnotationTestng" name="testCase2" time="0.002"/>
  <system-out/>
</testsuite> <!-- com.bridgelabz.testngProgram.AnnotationTestng -->
