<?xml version="1.0" encoding="UTF-8"?>
<!-- Generated by org.testng.reporters.JUnitReportReporter -->
<testsuite hostname="Avijeet-Desktop" failures="0" tests="2" name="com.bridgelabz.testngProgram.BaseTestng" time="0.009" errors="0" timestamp="2022-07-14T10:50:59 IST" skipped="0">
  <testcase classname="com.bridgelabz.testngProgram.BaseTestng" name="testCase2" time="0.002"/>
  <system-out/>
  <testcase classname="com.bridgelabz.testngProgram.BaseTestng" name="testCase1" time="0.007"/>
  <system-out/>
</testsuite> <!-- com.bridgelabz.testngProgram.BaseTestng -->
